<?xml version="1.0" encoding="UTF-8"?>
<!-- Generated by org.testng.reporters.JUnitReportReporter -->
<testsuite hostname="DESKTOP-DRB5IJT" failures="0" tests="1" name="com.test.seleniumtest.Testingorder" time="0.006" errors="0" timestamp="2023-01-01T22:48:41 IST" skipped="0">
  <testcase classname="com.test.seleniumtest.Testingorder" name="nameofthepagetitle" time="0.006"/>
  <system-out/>
</testsuite> <!-- com.test.seleniumtest.Testingorder -->
