<?xml version="1.0" encoding="UTF-8"?>
<!-- Generated by org.testng.reporters.JUnitReportReporter -->
<testsuite hostname="DESKTOP-DRB5IJT" failures="0" tests="1" name="com.test.seleniumtest.Testngannotns" time="0.009" errors="0" timestamp="2023-01-01T20:20:41 IST" skipped="0">
  <testcase classname="com.test.seleniumtest.Testngannotns" name="nameofthepagetitle" time="0.009"/>
  <system-out/>
</testsuite> <!-- com.test.seleniumtest.Testngannotns -->
